<?xml version="1.0" encoding="UTF-8"?>
<!-- Generated by org.testng.reporters.JUnitReportReporter -->
<testsuite hostname="LAPTOP-5LLEVI82" failures="0" tests="4" name="Tests.StandAloneTestPOM" time="41.672" errors="0" timestamp="2024-04-20T18:53:32 IST" skipped="0">
  <testcase classname="Tests.StandAloneTestPOM" name="orderHistory" time="7.988"/>
  <testcase classname="Tests.StandAloneTestPOM" name="submitOrder" time="12.038"/>
  <testcase classname="Tests.StandAloneTestPOM" name="submitOrder" time="13.681"/>
  <testcase classname="Tests.StandAloneTestPOM" name="orderHistory" time="7.965"/>
</testsuite> <!-- Tests.StandAloneTestPOM -->
