<?xml version="1.0" encoding="UTF-8"?>
<!-- Generated by org.testng.reporters.JUnitReportReporter -->
<testsuite hostname="LAPTOP-5LLEVI82" failures="0" tests="2" name="Tests.ErrorValidation" time="19.447" errors="0" timestamp="2024-04-20T18:53:32 IST" skipped="0">
  <testcase classname="Tests.ErrorValidation" name="LoginErrorValidation" time="9.226"/>
  <testcase classname="Tests.ErrorValidation" name="productErrorValidation" time="10.221"/>
</testsuite> <!-- Tests.ErrorValidation -->
