<?xml version="1.0" encoding="UTF-8"?>
<!-- Generated by org.testng.reporters.JUnitReportReporter -->
<testsuite hostname="LAPTOP-5LLEVI82" failures="0" tests="1" name="Cucumber.TestNGTestRunner" time="7.518" errors="0" timestamp="2024-04-21T15:35:16 IST" skipped="0">
  <testcase classname="Cucumber.TestNGTestRunner" name="runScenario" time="7.518"/>
</testsuite> <!-- Cucumber.TestNGTestRunner -->
